<?xml version="1.0" encoding="UTF-8"?>
<testng-results ignored="0" total="1" passed="1" failed="0" skipped="0">
  <reporter-output>
  </reporter-output>
  <suite started-at="2025-03-06T23:02:05 IST" name="Surefire suite" finished-at="2025-03-06T23:02:11 IST" duration-ms="5700">
    <groups>
    </groups>
    <test started-at="2025-03-06T23:02:05 IST" name="Surefire test" finished-at="2025-03-06T23:02:11 IST" duration-ms="5700">
      <class name="Testcases.LoginPageTestcase">
        <test-method is-config="true" signature="setup(java.lang.String)[pri:0, instance:Testcases.LoginPageTestcase@49ff7d8c]" started-at="2025-03-06T23:02:05 IST" name="setup" finished-at="2025-03-06T23:02:10 IST" duration-ms="4740" status="PASS">
          <params>
            <param index="0">
              <value>
                <![CDATA[chrome]]>
              </value>
            </param>
          </params>
          <reporter-output>
          </reporter-output>
        </test-method> <!-- setup -->
        <test-method signature="loginTest()[pri:0, instance:Testcases.LoginPageTestcase@49ff7d8c]" started-at="2025-03-06T23:02:10 IST" name="loginTest" finished-at="2025-03-06T23:02:11 IST" duration-ms="851" status="PASS">
          <reporter-output>
          </reporter-output>
        </test-method> <!-- loginTest -->
        <test-method is-config="true" signature="tearDown()[pri:0, instance:Testcases.LoginPageTestcase@49ff7d8c]" started-at="2025-03-06T23:02:11 IST" name="tearDown" finished-at="2025-03-06T23:02:11 IST" duration-ms="92" status="PASS">
          <reporter-output>
          </reporter-output>
        </test-method> <!-- tearDown -->
      </class> <!-- Testcases.LoginPageTestcase -->
    </test> <!-- Surefire test -->
  </suite> <!-- Surefire suite -->
</testng-results>
