<?xml version="1.0" encoding="UTF-8"?>
<testsuite xmlns:xsi="http://www.w3.org/2001/XMLSchema-instance" xsi:noNamespaceSchemaLocation="https://maven.apache.org/surefire/maven-surefire-plugin/xsd/surefire-test-report-3.0.xsd" version="3.0" name="TestSuite" time="0.392" tests="3" errors="0" skipped="2" failures="1">
  <properties>
[...]
</properties>
  <testcase name="setup[](0)" classname="Testcases.LoginPageTestcase" time="0.346">
    <failure message="Cannot invoke &quot;org.openqa.selenium.WebDriver.get(String)&quot; because &quot;this.driver&quot; is null" type="java.lang.NullPointerException"><![CDATA[java.lang.NullPointerException: Cannot invoke "org.openqa.selenium.WebDriver.get(String)" because "this.driver" is null
	at Testcases.BaseTestClass.setup(BaseTestClass.java:45)
	at java.base/jdk.internal.reflect.DirectMethodHandleAccessor.invoke(DirectMethodHandleAccessor.java:103)
	at java.base/java.lang.reflect.Method.invoke(Method.java:580)
	at org.testng.internal.invokers.MethodInvocationHelper.invokeMethod(MethodInvocationHelper.java:141)
	at org.testng.internal.invokers.MethodInvocationHelper.invokeMethodConsideringTimeout(MethodInvocationHelper.java:71)
	at org.testng.internal.invokers.ConfigInvoker.invokeConfigurationMethod(ConfigInvoker.java:400)
	at org.testng.internal.invokers.ConfigInvoker.invokeConfigurations(ConfigInvoker.java:333)
	at org.testng.internal.invokers.TestInvoker.runConfigMethods(TestInvoker.java:833)
	at org.testng.internal.invokers.TestInvoker.invokeMethod(TestInvoker.java:600)
	at org.testng.internal.invokers.TestInvoker.invokeTestMethod(TestInvoker.java:230)
	at org.testng.internal.invokers.MethodRunner.runInSequence(MethodRunner.java:63)
	at org.testng.internal.invokers.TestInvoker$MethodInvocationAgent.invoke(TestInvoker.java:992)
	at org.testng.internal.invokers.TestInvoker.invokeTestMethods(TestInvoker.java:203)
	at org.testng.internal.invokers.TestMethodWorker.invokeTestMethods(TestMethodWorker.java:154)
	at org.testng.internal.invokers.TestMethodWorker.run(TestMethodWorker.java:134)
	at java.base/java.util.concurrent.Executors$RunnableAdapter.call(Executors.java:572)
	at java.base/java.util.concurrent.FutureTask.run(FutureTask.java:317)
	at org.testng.internal.thread.graph.TestNGFutureTask.run(TestNGFutureTask.java:22)
	at java.base/java.util.concurrent.ThreadPoolExecutor.runWorker(ThreadPoolExecutor.java:1144)
	at java.base/java.util.concurrent.ThreadPoolExecutor$Worker.run(ThreadPoolExecutor.java:642)
	at java.base/java.lang.Thread.run(Thread.java:1583)
]]></failure>
    <system-out><![CDATA[2025-03-06T17:00:31.922037Z main INFO Starting configuration XmlConfiguration[location=/Users/ashik/eclipse-workspace/Herokuapp/target/test-classes/log4j2.xml, lastModified=2025-03-06T17:00:30.729Z]...
2025-03-06T17:00:31.922763Z main INFO Start watching for changes to /Users/ashik/eclipse-workspace/Herokuapp/target/test-classes/log4j2.xml every 0 seconds
2025-03-06T17:00:31.922898Z main INFO Configuration XmlConfiguration[location=/Users/ashik/eclipse-workspace/Herokuapp/target/test-classes/log4j2.xml, lastModified=2025-03-06T17:00:30.729Z] started.
2025-03-06T17:00:31.923874Z main INFO Stopping configuration org.apache.logging.log4j.core.config.DefaultConfiguration@778d1062...
2025-03-06T17:00:31.924077Z main INFO Configuration org.apache.logging.log4j.core.config.DefaultConfiguration@778d1062 stopped.
Received browser parameter: 
]]></system-out>
  </testcase>
  <testcase name="loginTest" classname="Testcases.LoginPageTestcase" time="0.0">
    <skipped message="Cannot invoke &quot;org.openqa.selenium.WebDriver.get(String)&quot; because &quot;this.driver&quot; is null"/>
  </testcase>
  <testcase name="tearDown" classname="Testcases.LoginPageTestcase" time="0.0">
    <skipped/>
  </testcase>
</testsuite>