<?xml version="1.0" encoding="UTF-8"?>
<testng-results ignored="0" total="2" passed="2" failed="0" skipped="0">
  <reporter-output>
  </reporter-output>
  <suite started-at="2025-03-02T16:40:56 IST" name="Suite" finished-at="2025-03-02T16:42:21 IST" duration-ms="85078">
    <groups>
    </groups>
    <test started-at="2025-03-02T16:40:56 IST" name="chrome test" finished-at="2025-03-02T16:41:36 IST" duration-ms="39966">
      <class name="Testcases.LoginPageTestcase">
        <test-method is-config="true" signature="setup(java.lang.String)[pri:0, instance:Testcases.LoginPageTestcase@5974109]" started-at="2025-03-02T16:40:56 IST" name="setup" finished-at="2025-03-02T16:41:33 IST" duration-ms="36678" status="PASS">
          <params>
            <param index="0">
              <value>
                <![CDATA[chrome]]>
              </value>
            </param>
          </params>
          <reporter-output>
          </reporter-output>
        </test-method> <!-- setup -->
        <test-method signature="loginTest()[pri:0, instance:Testcases.LoginPageTestcase@5974109]" started-at="2025-03-02T16:41:33 IST" name="loginTest" finished-at="2025-03-02T16:41:36 IST" duration-ms="2928" status="PASS">
          <reporter-output>
          </reporter-output>
        </test-method> <!-- loginTest -->
        <test-method is-config="true" signature="tearDown()[pri:0, instance:Testcases.LoginPageTestcase@5974109]" started-at="2025-03-02T16:41:36 IST" name="tearDown" finished-at="2025-03-02T16:41:36 IST" duration-ms="107" status="PASS">
          <reporter-output>
          </reporter-output>
        </test-method> <!-- tearDown -->
      </class> <!-- Testcases.LoginPageTestcase -->
    </test> <!-- chrome test -->
    <test started-at="2025-03-02T16:41:37 IST" name="edge test" finished-at="2025-03-02T16:42:21 IST" duration-ms="44369">
      <class name="Testcases.LoginPageTestcase">
        <test-method is-config="true" signature="setup(java.lang.String)[pri:0, instance:Testcases.LoginPageTestcase@2b43529a]" started-at="2025-03-02T16:41:37 IST" name="setup" finished-at="2025-03-02T16:42:16 IST" duration-ms="39005" status="PASS">
          <params>
            <param index="0">
              <value>
                <![CDATA[edge]]>
              </value>
            </param>
          </params>
          <reporter-output>
          </reporter-output>
        </test-method> <!-- setup -->
        <test-method signature="loginTest()[pri:0, instance:Testcases.LoginPageTestcase@2b43529a]" started-at="2025-03-02T16:42:16 IST" name="loginTest" finished-at="2025-03-02T16:42:20 IST" duration-ms="4212" status="PASS">
          <reporter-output>
          </reporter-output>
        </test-method> <!-- loginTest -->
        <test-method is-config="true" signature="tearDown()[pri:0, instance:Testcases.LoginPageTestcase@2b43529a]" started-at="2025-03-02T16:42:20 IST" name="tearDown" finished-at="2025-03-02T16:42:21 IST" duration-ms="1133" status="PASS">
          <reporter-output>
          </reporter-output>
        </test-method> <!-- tearDown -->
      </class> <!-- Testcases.LoginPageTestcase -->
    </test> <!-- edge test -->
  </suite> <!-- Suite -->
</testng-results>
