<?xml version="1.0" encoding="UTF-8"?>
<testng-results ignored="0" total="1" passed="1" failed="0" skipped="0">
  <reporter-output>
  </reporter-output>
  <suite started-at="2025-03-02T12:00:05 IST" name="Suite" finished-at="2025-03-02T12:00:20 IST" duration-ms="15384">
    <groups>
    </groups>
    <test started-at="2025-03-02T12:00:05 IST" name="Test" finished-at="2025-03-02T12:00:20 IST" duration-ms="15384">
      <class name="Testcases.LoginPageTestcase">
        <test-method is-config="true" signature="setup()[pri:0, instance:Testcases.LoginPageTestcase@a8e6492]" started-at="2025-03-02T12:00:05 IST" name="setup" finished-at="2025-03-02T12:00:17 IST" duration-ms="12266" status="PASS">
          <reporter-output>
          </reporter-output>
        </test-method> <!-- setup -->
        <test-method signature="loginTest()[pri:0, instance:Testcases.LoginPageTestcase@a8e6492]" started-at="2025-03-02T12:00:17 IST" name="loginTest" finished-at="2025-03-02T12:00:20 IST" duration-ms="2978" status="PASS">
          <reporter-output>
          </reporter-output>
        </test-method> <!-- loginTest -->
        <test-method is-config="true" signature="tearDown()[pri:0, instance:Testcases.LoginPageTestcase@a8e6492]" started-at="2025-03-02T12:00:20 IST" name="tearDown" finished-at="2025-03-02T12:00:20 IST" duration-ms="98" status="PASS">
          <reporter-output>
          </reporter-output>
        </test-method> <!-- tearDown -->
      </class> <!-- Testcases.LoginPageTestcase -->
    </test> <!-- Test -->
  </suite> <!-- Suite -->
</testng-results>
